Using pre-set license
Built from '2020.2/release' branch; Version is '2020.2.4f1 (becced5a802b) revision 12504301'; Using compiler version '192528614'; Build Type 'Release'
OS: 'Windows 10 Home; OS build 19044.1645; Version 2009; 64bit' Language: 'es' Physical Memory: 12231 MB
BatchMode: 1, IsHumanControllingUs: 0, StartBugReporterOnCrash: 0, Is64bit: 1, IsPro: 0

 COMMAND LINE ARGUMENTS:
D:\Unityhub\2020.2.4f1\Editor\Unity.exe
-adb2
-batchMode
-noUpm
-name
AssetImportWorker0
-projectPath
D:/TJE_2D/IS_Lab1_individual/My project
-logFile
Logs/AssetImportWorker0.log
-srvPort
52358
Successfully changed project path to: D:/TJE_2D/IS_Lab1_individual/My project
D:/TJE_2D/IS_Lab1_individual/My project
Using Asset Import Pipeline V2.
Refreshing native plugins compatible for Editor in 29.13 ms, found 0 plugins.
Preloading 0 native plugins for Editor in 0.00 ms.
Initialize engine version: 2020.2.4f1 (becced5a802b)
[Subsystems] Discovering subsystems at path D:/Unityhub/2020.2.4f1/Editor/Data/Resources/UnitySubsystems
[Subsystems] Discovering subsystems at path D:/TJE_2D/IS_Lab1_individual/My project/Assets
GfxDevice: creating device client; threaded=0
Direct3D:
    Version:  Direct3D 11.0 [level 11.1]
    Renderer: NVIDIA GeForce GTX 960 (ID=0x1401)
    Vendor:   
    VRAM:     2007 MB
    Driver:   27.21.14.5751
Initialize mono
Mono path[0] = 'D:/Unityhub/2020.2.4f1/Editor/Data/Managed'
Mono path[1] = 'D:/Unityhub/2020.2.4f1/Editor/Data/MonoBleedingEdge/lib/mono/unityjit'
Mono config path = 'D:/Unityhub/2020.2.4f1/Editor/Data/MonoBleedingEdge/etc'
Using monoOptions --debugger-agent=transport=dt_socket,embedding=1,server=y,suspend=n,address=127.0.0.1:56776
Begin MonoManager ReloadAssembly
Registering precompiled unity dll's ...
Register platform support module: D:/Unityhub/2020.2.4f1/Editor/Data/PlaybackEngines/WindowsStandaloneSupport/UnityEditor.WindowsStandalone.Extensions.dll
Registered in 0.001723 seconds.
Native extension for WindowsStandalone target not found
Refreshing native plugins compatible for Editor in 29.47 ms, found 0 plugins.
Preloading 0 native plugins for Editor in 0.00 ms.
Invoked RoslynAnalysisRunner static constructor.
RoslynAnalysisRunner will not be running.
RoslynAnalysisRunner has terminated.
Mono: successfully reloaded assembly
- Completed reload, in  1.519 seconds
Platform modules already initialized, skipping
Registering precompiled user dll's ...
Registered in 0.000811 seconds.
Begin MonoManager ReloadAssembly
Native extension for WindowsStandalone target not found
Refreshing native plugins compatible for Editor in 35.11 ms, found 0 plugins.
Preloading 0 native plugins for Editor in 0.00 ms.
Invoked RoslynAnalysisRunner static constructor.
RoslynAnalysisRunner will not be running.
RoslynAnalysisRunner has terminated.
Mono: successfully reloaded assembly
- Completed reload, in  1.013 seconds
Platform modules already initialized, skipping
========================================================================
Worker process is ready to serve import requests
Launched and connected shader compiler UnityShaderCompiler.exe after 0.06 seconds
Refreshing native plugins compatible for Editor in 0.27 ms, found 0 plugins.
Preloading 0 native plugins for Editor in 0.00 ms.
Unloading 1401 Unused Serialized files (Serialized files now loaded: 0)
System memory in use before: 67.0 MB.
System memory in use after: 67.1 MB.

Unloading 11 unused Assets to reduce memory usage. Loaded Objects now: 1845.
Total: 2.127100 ms (FindLiveObjects: 0.167800 ms CreateObjectMapping: 0.080100 ms MarkObjects: 1.804900 ms  DeleteObjects: 0.072900 ms)

========================================================================
Received Import Request.
  path: Assets/Scripts
  artifactKey: Guid(741fc3080ba62534692729dded016901) Importer(815301076,1909f56bfc062723c751e8b465ee728b)
Start importing Assets/Scripts using Guid(741fc3080ba62534692729dded016901) Importer(815301076,1909f56bfc062723c751e8b465ee728b)  -> (artifact id: '97b6a9bfc38cfb1ee1bc2cd3751aff63') in 0.004368 seconds
  Import took 0.007009 seconds .

========================================================================
Received Import Request.
  Time since last request: 9.113584 seconds.
  path: Assets/Scripts/CameraController.cs
  artifactKey: Guid(db7ddf8151b82d84792ec9979a868dd4) Importer(815301076,1909f56bfc062723c751e8b465ee728b)
Start importing Assets/Scripts/CameraController.cs using Guid(db7ddf8151b82d84792ec9979a868dd4) Importer(815301076,1909f56bfc062723c751e8b465ee728b)  -> (artifact id: '57a7bfc4e4932eb8ec5675754759bea3') in 0.095478 seconds
  Import took 0.098768 seconds .

========================================================================
Received Prepare
Registering precompiled user dll's ...
Registered in 0.002469 seconds.
Begin MonoManager ReloadAssembly
Native extension for WindowsStandalone target not found
Refreshing native plugins compatible for Editor in 0.30 ms, found 0 plugins.
Preloading 0 native plugins for Editor in 0.00 ms.
Invoked RoslynAnalysisRunner static constructor.
RoslynAnalysisRunner will not be running.
RoslynAnalysisRunner has terminated.
Mono: successfully reloaded assembly
- Completed reload, in  1.221 seconds
Platform modules already initialized, skipping
Refreshing native plugins compatible for Editor in 0.32 ms, found 0 plugins.
Preloading 0 native plugins for Editor in 0.00 ms.
Unloading 1396 Unused Serialized files (Serialized files now loaded: 0)
System memory in use before: 67.0 MB.
System memory in use after: 67.1 MB.

Unloading 4 unused Assets to reduce memory usage. Loaded Objects now: 1848.
Total: 4.860000 ms (FindLiveObjects: 0.200100 ms CreateObjectMapping: 2.001300 ms MarkObjects: 2.635100 ms  DeleteObjects: 0.021700 ms)

========================================================================
Received Prepare
Registering precompiled user dll's ...
Registered in 0.000739 seconds.
Begin MonoManager ReloadAssembly
Native extension for WindowsStandalone target not found
Refreshing native plugins compatible for Editor in 0.30 ms, found 0 plugins.
Preloading 0 native plugins for Editor in 0.00 ms.
Invoked RoslynAnalysisRunner static constructor.
RoslynAnalysisRunner will not be running.
RoslynAnalysisRunner has terminated.
Mono: successfully reloaded assembly
- Completed reload, in  0.962 seconds
Platform modules already initialized, skipping
Refreshing native plugins compatible for Editor in 0.33 ms, found 0 plugins.
Preloading 0 native plugins for Editor in 0.00 ms.
Unloading 1396 Unused Serialized files (Serialized files now loaded: 0)
System memory in use before: 67.1 MB.
System memory in use after: 67.2 MB.

Unloading 4 unused Assets to reduce memory usage. Loaded Objects now: 1850.
Total: 2.239700 ms (FindLiveObjects: 0.227600 ms CreateObjectMapping: 0.057500 ms MarkObjects: 1.923300 ms  DeleteObjects: 0.029700 ms)

========================================================================
Received Prepare
Registering precompiled user dll's ...
Registered in 0.000883 seconds.
Begin MonoManager ReloadAssembly
Native extension for WindowsStandalone target not found
Refreshing native plugins compatible for Editor in 0.74 ms, found 0 plugins.
Preloading 0 native plugins for Editor in 0.00 ms.
Invoked RoslynAnalysisRunner static constructor.
RoslynAnalysisRunner will not be running.
RoslynAnalysisRunner has terminated.
Mono: successfully reloaded assembly
- Completed reload, in  1.394 seconds
Platform modules already initialized, skipping
Refreshing native plugins compatible for Editor in 0.34 ms, found 0 plugins.
Preloading 0 native plugins for Editor in 0.00 ms.
Unloading 1396 Unused Serialized files (Serialized files now loaded: 0)
System memory in use before: 67.1 MB.
System memory in use after: 67.2 MB.

Unloading 4 unused Assets to reduce memory usage. Loaded Objects now: 1852.
Total: 2.657200 ms (FindLiveObjects: 0.390300 ms CreateObjectMapping: 0.134800 ms MarkObjects: 2.113500 ms  DeleteObjects: 0.016600 ms)

========================================================================
Received Prepare
Registering precompiled user dll's ...
Registered in 0.000729 seconds.
Begin MonoManager ReloadAssembly
Native extension for WindowsStandalone target not found
Refreshing native plugins compatible for Editor in 0.36 ms, found 0 plugins.
Preloading 0 native plugins for Editor in 0.00 ms.
Invoked RoslynAnalysisRunner static constructor.
RoslynAnalysisRunner will not be running.
RoslynAnalysisRunner has terminated.
Mono: successfully reloaded assembly
- Completed reload, in  0.992 seconds
Platform modules already initialized, skipping
Refreshing native plugins compatible for Editor in 0.45 ms, found 0 plugins.
Preloading 0 native plugins for Editor in 0.00 ms.
Unloading 1396 Unused Serialized files (Serialized files now loaded: 0)
System memory in use before: 67.1 MB.
System memory in use after: 67.2 MB.

Unloading 4 unused Assets to reduce memory usage. Loaded Objects now: 1854.
Total: 2.053600 ms (FindLiveObjects: 0.198700 ms CreateObjectMapping: 0.061900 ms MarkObjects: 1.773600 ms  DeleteObjects: 0.017800 ms)

========================================================================
Received Prepare
Registering precompiled user dll's ...
Registered in 0.000738 seconds.
Begin MonoManager ReloadAssembly
Native extension for WindowsStandalone target not found
Refreshing native plugins compatible for Editor in 0.43 ms, found 0 plugins.
Preloading 0 native plugins for Editor in 0.00 ms.
Invoked RoslynAnalysisRunner static constructor.
RoslynAnalysisRunner will not be running.
RoslynAnalysisRunner has terminated.
Mono: successfully reloaded assembly
- Completed reload, in  1.069 seconds
Platform modules already initialized, skipping
Refreshing native plugins compatible for Editor in 0.32 ms, found 0 plugins.
Preloading 0 native plugins for Editor in 0.00 ms.
Unloading 1396 Unused Serialized files (Serialized files now loaded: 0)
System memory in use before: 67.1 MB.
System memory in use after: 67.2 MB.

Unloading 4 unused Assets to reduce memory usage. Loaded Objects now: 1856.
Total: 2.133600 ms (FindLiveObjects: 0.186900 ms CreateObjectMapping: 0.069800 ms MarkObjects: 1.856800 ms  DeleteObjects: 0.018300 ms)

========================================================================
Received Import Request.
  Time since last request: 543.493054 seconds.
  path: Assets/Materials/Floor.mat
  artifactKey: Guid(df398b76b0b1aff45a2303d61532943b) Importer(815301076,1909f56bfc062723c751e8b465ee728b)
Start importing Assets/Materials/Floor.mat using Guid(df398b76b0b1aff45a2303d61532943b) Importer(815301076,1909f56bfc062723c751e8b465ee728b)  -> (artifact id: 'e4b658c88953019abae6edbf4d117cc6') in 0.116888 seconds
  Import took 0.122450 seconds .

========================================================================
Received Import Request.
  Time since last request: 0.000428 seconds.
  path: Assets/Materials/Mat1.mat
  artifactKey: Guid(703ff4eeb7e0ff646aa200ae9fe52117) Importer(815301076,1909f56bfc062723c751e8b465ee728b)
Start importing Assets/Materials/Mat1.mat using Guid(703ff4eeb7e0ff646aa200ae9fe52117) Importer(815301076,1909f56bfc062723c751e8b465ee728b)  -> (artifact id: '9d664ceefba82f53c150ac3c88084eb2') in 0.013343 seconds
  Import took 0.016103 seconds .

========================================================================
Received Import Request.
  Time since last request: 0.670897 seconds.
  path: Assets/Materials
  artifactKey: Guid(f8391f4acdce827468539dad1b757ee3) Importer(815301076,1909f56bfc062723c751e8b465ee728b)
Start importing Assets/Materials using Guid(f8391f4acdce827468539dad1b757ee3) Importer(815301076,1909f56bfc062723c751e8b465ee728b)  -> (artifact id: '094c79fbce87d0e590a3f6d5b6905e3b') in 0.003563 seconds
  Import took 0.008530 seconds .

========================================================================
Received Import Request.
  Time since last request: 5.318581 seconds.
  path: Assets/Materials/Walls.mat
  artifactKey: Guid(73124ce2e9d4fd24d89172fb9da047ca) Importer(815301076,1909f56bfc062723c751e8b465ee728b)
Start importing Assets/Materials/Walls.mat using Guid(73124ce2e9d4fd24d89172fb9da047ca) Importer(815301076,1909f56bfc062723c751e8b465ee728b)  -> (artifact id: '63ee1fc6256b3b86d2475d8ed9b4fd23') in 0.015906 seconds
  Import took 0.019730 seconds .

========================================================================
Received Import Request.
  Time since last request: 281.376338 seconds.
  path: Assets/Materials/Floor.mat
  artifactKey: Guid(df398b76b0b1aff45a2303d61532943b) Importer(815301076,1909f56bfc062723c751e8b465ee728b)
Start importing Assets/Materials/Floor.mat using Guid(df398b76b0b1aff45a2303d61532943b) Importer(815301076,1909f56bfc062723c751e8b465ee728b)  -> (artifact id: '0f8908306c631cf830ed7bac259e1e38') in 0.021095 seconds
  Import took 0.026629 seconds .

========================================================================
Received Import Request.
  Time since last request: 0.000326 seconds.
  path: Assets/Materials/Walls.mat
  artifactKey: Guid(73124ce2e9d4fd24d89172fb9da047ca) Importer(815301076,1909f56bfc062723c751e8b465ee728b)
Start importing Assets/Materials/Walls.mat using Guid(73124ce2e9d4fd24d89172fb9da047ca) Importer(815301076,1909f56bfc062723c751e8b465ee728b)  -> (artifact id: 'ac27d8bc9ab312ccfad3317895c587d3') in 0.017574 seconds
  Import took 0.021996 seconds .

========================================================================
Received Import Request.
  Time since last request: 0.000658 seconds.
  path: Assets/Materials/Mat1.mat
  artifactKey: Guid(703ff4eeb7e0ff646aa200ae9fe52117) Importer(815301076,1909f56bfc062723c751e8b465ee728b)
Start importing Assets/Materials/Mat1.mat using Guid(703ff4eeb7e0ff646aa200ae9fe52117) Importer(815301076,1909f56bfc062723c751e8b465ee728b)  -> (artifact id: '8ee72ae2cd00787b57a8c50ead42e08d') in 0.018567 seconds
  Import took 0.022254 seconds .

========================================================================
Received Prepare
Registering precompiled user dll's ...
Registered in 0.000779 seconds.
Begin MonoManager ReloadAssembly
Native extension for WindowsStandalone target not found
Refreshing native plugins compatible for Editor in 0.35 ms, found 0 plugins.
Preloading 0 native plugins for Editor in 0.00 ms.
Invoked RoslynAnalysisRunner static constructor.
RoslynAnalysisRunner will not be running.
RoslynAnalysisRunner has terminated.
Mono: successfully reloaded assembly
- Completed reload, in  1.045 seconds
Platform modules already initialized, skipping
Refreshing native plugins compatible for Editor in 0.27 ms, found 0 plugins.
Preloading 0 native plugins for Editor in 0.00 ms.
Unloading 1396 Unused Serialized files (Serialized files now loaded: 0)
System memory in use before: 70.5 MB.
System memory in use after: 70.6 MB.

Unloading 4 unused Assets to reduce memory usage. Loaded Objects now: 1898.
Total: 2.318400 ms (FindLiveObjects: 0.257900 ms CreateObjectMapping: 0.078400 ms MarkObjects: 1.959300 ms  DeleteObjects: 0.021200 ms)

========================================================================
Received Prepare
Registering precompiled user dll's ...
Registered in 0.000738 seconds.
Begin MonoManager ReloadAssembly
Native extension for WindowsStandalone target not found
Refreshing native plugins compatible for Editor in 0.44 ms, found 0 plugins.
Preloading 0 native plugins for Editor in 0.00 ms.
Invoked RoslynAnalysisRunner static constructor.
RoslynAnalysisRunner will not be running.
RoslynAnalysisRunner has terminated.
Mono: successfully reloaded assembly
- Completed reload, in  1.121 seconds
Platform modules already initialized, skipping
Refreshing native plugins compatible for Editor in 0.29 ms, found 0 plugins.
Preloading 0 native plugins for Editor in 0.00 ms.
Unloading 1396 Unused Serialized files (Serialized files now loaded: 0)
System memory in use before: 70.5 MB.
System memory in use after: 70.6 MB.

Unloading 4 unused Assets to reduce memory usage. Loaded Objects now: 1900.
Total: 1.956100 ms (FindLiveObjects: 0.259300 ms CreateObjectMapping: 0.067400 ms MarkObjects: 1.611500 ms  DeleteObjects: 0.016100 ms)

========================================================================
Received Import Request.
  Time since last request: 199.184328 seconds.
  path: Assets/Materials/New Material.mat
  artifactKey: Guid(fbde25828d940994e8a041632a7b7893) Importer(815301076,1909f56bfc062723c751e8b465ee728b)
Start importing Assets/Materials/New Material.mat using Guid(fbde25828d940994e8a041632a7b7893) Importer(815301076,1909f56bfc062723c751e8b465ee728b)  -> (artifact id: '9a85e0699e53520c72f0fc603c35c5f4') in 0.084093 seconds
  Import took 0.088047 seconds .

========================================================================
Received Prepare
Registering precompiled user dll's ...
Registered in 0.000745 seconds.
Begin MonoManager ReloadAssembly
Native extension for WindowsStandalone target not found
Refreshing native plugins compatible for Editor in 0.28 ms, found 0 plugins.
Preloading 0 native plugins for Editor in 0.00 ms.
Invoked RoslynAnalysisRunner static constructor.
RoslynAnalysisRunner will not be running.
RoslynAnalysisRunner has terminated.
Mono: successfully reloaded assembly
- Completed reload, in  1.003 seconds
Platform modules already initialized, skipping
Refreshing native plugins compatible for Editor in 0.29 ms, found 0 plugins.
Preloading 0 native plugins for Editor in 0.00 ms.
Unloading 1396 Unused Serialized files (Serialized files now loaded: 0)
System memory in use before: 70.5 MB.
System memory in use after: 70.6 MB.

Unloading 4 unused Assets to reduce memory usage. Loaded Objects now: 1903.
Total: 2.243500 ms (FindLiveObjects: 0.191000 ms CreateObjectMapping: 0.060600 ms MarkObjects: 1.971100 ms  DeleteObjects: 0.019400 ms)

========================================================================
Received Prepare
Registering precompiled user dll's ...
Registered in 0.000752 seconds.
Begin MonoManager ReloadAssembly
Native extension for WindowsStandalone target not found
Refreshing native plugins compatible for Editor in 0.26 ms, found 0 plugins.
Preloading 0 native plugins for Editor in 0.00 ms.
Invoked RoslynAnalysisRunner static constructor.
RoslynAnalysisRunner will not be running.
RoslynAnalysisRunner has terminated.
Mono: successfully reloaded assembly
- Completed reload, in  0.960 seconds
Platform modules already initialized, skipping
Refreshing native plugins compatible for Editor in 0.66 ms, found 0 plugins.
Preloading 0 native plugins for Editor in 0.00 ms.
Unloading 1396 Unused Serialized files (Serialized files now loaded: 0)
System memory in use before: 70.5 MB.
System memory in use after: 70.6 MB.

Unloading 4 unused Assets to reduce memory usage. Loaded Objects now: 1905.
Total: 1.868500 ms (FindLiveObjects: 0.193800 ms CreateObjectMapping: 0.057600 ms MarkObjects: 1.599400 ms  DeleteObjects: 0.016200 ms)

========================================================================
Received Import Request.
  Time since last request: 134.338608 seconds.
  path: Assets/Materials/PickUp.mat
  artifactKey: Guid(fbde25828d940994e8a041632a7b7893) Importer(815301076,1909f56bfc062723c751e8b465ee728b)
Start importing Assets/Materials/PickUp.mat using Guid(fbde25828d940994e8a041632a7b7893) Importer(815301076,1909f56bfc062723c751e8b465ee728b)  -> (artifact id: '967c209c51e9087cd605347808c5d048') in 0.118131 seconds
  Import took 0.121479 seconds .

========================================================================
Received Import Request.
  Time since last request: 19.979591 seconds.
  path: Assets/Scripts/Rotator.cs
  artifactKey: Guid(431c7b46f5f809f429437bbb86530d79) Importer(815301076,1909f56bfc062723c751e8b465ee728b)
Start importing Assets/Scripts/Rotator.cs using Guid(431c7b46f5f809f429437bbb86530d79) Importer(815301076,1909f56bfc062723c751e8b465ee728b)  -> (artifact id: '32f6dc4a8b8b2a91b6d03de90a8c4dce') in 0.003753 seconds
  Import took 0.011626 seconds .

========================================================================
Received Prepare
Registering precompiled user dll's ...
Registered in 0.000975 seconds.
Begin MonoManager ReloadAssembly
Native extension for WindowsStandalone target not found
Refreshing native plugins compatible for Editor in 0.60 ms, found 0 plugins.
Preloading 0 native plugins for Editor in 0.00 ms.
Invoked RoslynAnalysisRunner static constructor.
RoslynAnalysisRunner will not be running.
RoslynAnalysisRunner has terminated.
Mono: successfully reloaded assembly
- Completed reload, in  1.240 seconds
Platform modules already initialized, skipping
Refreshing native plugins compatible for Editor in 0.60 ms, found 0 plugins.
Preloading 0 native plugins for Editor in 0.00 ms.
Unloading 1397 Unused Serialized files (Serialized files now loaded: 0)
System memory in use before: 70.5 MB.
System memory in use after: 70.6 MB.

Unloading 4 unused Assets to reduce memory usage. Loaded Objects now: 1909.
Total: 2.870100 ms (FindLiveObjects: 0.246900 ms CreateObjectMapping: 0.064400 ms MarkObjects: 2.535600 ms  DeleteObjects: 0.021100 ms)

========================================================================
Received Prepare
Registering precompiled user dll's ...
Registered in 0.001432 seconds.
Begin MonoManager ReloadAssembly
Native extension for WindowsStandalone target not found
Refreshing native plugins compatible for Editor in 0.48 ms, found 0 plugins.
Preloading 0 native plugins for Editor in 0.00 ms.
Invoked RoslynAnalysisRunner static constructor.
RoslynAnalysisRunner will not be running.
RoslynAnalysisRunner has terminated.
Mono: successfully reloaded assembly
- Completed reload, in  0.977 seconds
Platform modules already initialized, skipping
Refreshing native plugins compatible for Editor in 0.27 ms, found 0 plugins.
Preloading 0 native plugins for Editor in 0.00 ms.
Unloading 1397 Unused Serialized files (Serialized files now loaded: 0)
System memory in use before: 70.5 MB.
System memory in use after: 70.6 MB.

Unloading 4 unused Assets to reduce memory usage. Loaded Objects now: 1911.
Total: 2.320800 ms (FindLiveObjects: 0.306900 ms CreateObjectMapping: 0.066800 ms MarkObjects: 1.928400 ms  DeleteObjects: 0.016900 ms)

========================================================================
Received Import Request.
  Time since last request: 21.850299 seconds.
  path: Assets/Scripts/Rotator.cs
  artifactKey: Guid(431c7b46f5f809f429437bbb86530d79) Importer(815301076,1909f56bfc062723c751e8b465ee728b)
Start importing Assets/Scripts/Rotator.cs using Guid(431c7b46f5f809f429437bbb86530d79) Importer(815301076,1909f56bfc062723c751e8b465ee728b)  -> (artifact id: 'b1aac432606b67efdfb2673a79165675') in 0.004823 seconds
  Import took 0.008735 seconds .

========================================================================
Received Prepare
Registering precompiled user dll's ...
Registered in 0.000860 seconds.
Begin MonoManager ReloadAssembly
Native extension for WindowsStandalone target not found
Refreshing native plugins compatible for Editor in 1.01 ms, found 0 plugins.
Preloading 0 native plugins for Editor in 0.00 ms.
Invoked RoslynAnalysisRunner static constructor.
RoslynAnalysisRunner will not be running.
RoslynAnalysisRunner has terminated.
Mono: successfully reloaded assembly
- Completed reload, in  1.094 seconds
Platform modules already initialized, skipping
Refreshing native plugins compatible for Editor in 0.26 ms, found 0 plugins.
Preloading 0 native plugins for Editor in 0.00 ms.
Unloading 1397 Unused Serialized files (Serialized files now loaded: 0)
System memory in use before: 70.5 MB.
System memory in use after: 70.6 MB.

Unloading 4 unused Assets to reduce memory usage. Loaded Objects now: 1913.
Total: 2.792400 ms (FindLiveObjects: 0.167500 ms CreateObjectMapping: 0.057600 ms MarkObjects: 2.537300 ms  DeleteObjects: 0.028100 ms)

========================================================================
Received Prepare
Registering precompiled user dll's ...
Registered in 0.000795 seconds.
Begin MonoManager ReloadAssembly
Native extension for WindowsStandalone target not found
Refreshing native plugins compatible for Editor in 0.88 ms, found 0 plugins.
Preloading 0 native plugins for Editor in 0.00 ms.
Invoked RoslynAnalysisRunner static constructor.
RoslynAnalysisRunner will not be running.
RoslynAnalysisRunner has terminated.
Mono: successfully reloaded assembly
- Completed reload, in  1.066 seconds
Platform modules already initialized, skipping
Refreshing native plugins compatible for Editor in 0.30 ms, found 0 plugins.
Preloading 0 native plugins for Editor in 0.00 ms.
Unloading 1397 Unused Serialized files (Serialized files now loaded: 0)
System memory in use before: 70.5 MB.
System memory in use after: 70.6 MB.

Unloading 4 unused Assets to reduce memory usage. Loaded Objects now: 1915.
Total: 2.550200 ms (FindLiveObjects: 0.243500 ms CreateObjectMapping: 0.125700 ms MarkObjects: 2.160400 ms  DeleteObjects: 0.018500 ms)

========================================================================
Received Prepare
Registering precompiled user dll's ...
Registered in 0.000917 seconds.
Begin MonoManager ReloadAssembly
Native extension for WindowsStandalone target not found
Refreshing native plugins compatible for Editor in 0.27 ms, found 0 plugins.
Preloading 0 native plugins for Editor in 0.00 ms.
Invoked RoslynAnalysisRunner static constructor.
RoslynAnalysisRunner will not be running.
RoslynAnalysisRunner has terminated.
Mono: successfully reloaded assembly
- Completed reload, in  1.088 seconds
Platform modules already initialized, skipping
Refreshing native plugins compatible for Editor in 0.48 ms, found 0 plugins.
Preloading 0 native plugins for Editor in 0.00 ms.
Unloading 1397 Unused Serialized files (Serialized files now loaded: 0)
System memory in use before: 70.5 MB.
System memory in use after: 70.6 MB.

Unloading 4 unused Assets to reduce memory usage. Loaded Objects now: 1917.
Total: 3.532400 ms (FindLiveObjects: 0.209000 ms CreateObjectMapping: 0.132500 ms MarkObjects: 3.170800 ms  DeleteObjects: 0.018400 ms)

========================================================================
Received Prepare
Registering precompiled user dll's ...
Registered in 0.000861 seconds.
Begin MonoManager ReloadAssembly
Native extension for WindowsStandalone target not found
Refreshing native plugins compatible for Editor in 2.86 ms, found 0 plugins.
Preloading 0 native plugins for Editor in 0.00 ms.
Invoked RoslynAnalysisRunner static constructor.
RoslynAnalysisRunner will not be running.
RoslynAnalysisRunner has terminated.
Mono: successfully reloaded assembly
- Completed reload, in  1.114 seconds
Platform modules already initialized, skipping
Refreshing native plugins compatible for Editor in 0.27 ms, found 0 plugins.
Preloading 0 native plugins for Editor in 0.00 ms.
Unloading 1397 Unused Serialized files (Serialized files now loaded: 0)
System memory in use before: 70.5 MB.
System memory in use after: 70.7 MB.

Unloading 4 unused Assets to reduce memory usage. Loaded Objects now: 1919.
Total: 2.403200 ms (FindLiveObjects: 0.224100 ms CreateObjectMapping: 0.108500 ms MarkObjects: 2.050100 ms  DeleteObjects: 0.018400 ms)

========================================================================
Received Import Request.
  Time since last request: 214.440394 seconds.
  path: Assets
  artifactKey: Guid(00000000000000001000000000000000) Importer(815301076,1909f56bfc062723c751e8b465ee728b)
Start importing Assets using Guid(00000000000000001000000000000000) Importer(815301076,1909f56bfc062723c751e8b465ee728b)  -> (artifact id: 'edc3feb264a98656617d3c2cb59c8f16') in 0.010287 seconds
  Import took 0.014006 seconds .

========================================================================
Received Import Request.
  Time since last request: 6.071161 seconds.
  path: Assets/Prefabs
  artifactKey: Guid(65026ba3bd1858b4c851400da1734ea5) Importer(815301076,1909f56bfc062723c751e8b465ee728b)
Start importing Assets/Prefabs using Guid(65026ba3bd1858b4c851400da1734ea5) Importer(815301076,1909f56bfc062723c751e8b465ee728b)  -> (artifact id: 'e74892d8017c63f0b55fe75b7a4ec8c7') in 0.004971 seconds
  Import took 0.007840 seconds .

========================================================================
Received Import Request.
  Time since last request: 3.247643 seconds.
  path: Assets/Prefabs/PickUp.prefab
  artifactKey: Guid(59c6502af6d75634381aa41ccdfc0a93) Importer(815301076,1909f56bfc062723c751e8b465ee728b)
Start importing Assets/Prefabs/PickUp.prefab using Guid(59c6502af6d75634381aa41ccdfc0a93) Importer(815301076,1909f56bfc062723c751e8b465ee728b)  -> (artifact id: '69c53b7bf51add586dcbf98857f78c0a') in 0.103212 seconds
  Import took 0.106945 seconds .

========================================================================
Received Prepare
Registering precompiled user dll's ...
Registered in 0.001715 seconds.
Begin MonoManager ReloadAssembly
Native extension for WindowsStandalone target not found
Refreshing native plugins compatible for Editor in 0.50 ms, found 0 plugins.
Preloading 0 native plugins for Editor in 0.00 ms.
Invoked RoslynAnalysisRunner static constructor.
RoslynAnalysisRunner will not be running.
RoslynAnalysisRunner has terminated.
Mono: successfully reloaded assembly
- Completed reload, in  1.049 seconds
Platform modules already initialized, skipping
Refreshing native plugins compatible for Editor in 0.35 ms, found 0 plugins.
Preloading 0 native plugins for Editor in 0.00 ms.
Unloading 1397 Unused Serialized files (Serialized files now loaded: 0)
System memory in use before: 70.6 MB.
System memory in use after: 70.7 MB.

Unloading 4 unused Assets to reduce memory usage. Loaded Objects now: 1923.
Total: 1.946600 ms (FindLiveObjects: 0.166900 ms CreateObjectMapping: 0.057100 ms MarkObjects: 1.703300 ms  DeleteObjects: 0.017900 ms)

========================================================================
Received Prepare
Registering precompiled user dll's ...
Registered in 0.000779 seconds.
Begin MonoManager ReloadAssembly
Native extension for WindowsStandalone target not found
Refreshing native plugins compatible for Editor in 0.30 ms, found 0 plugins.
Preloading 0 native plugins for Editor in 0.00 ms.
Invoked RoslynAnalysisRunner static constructor.
RoslynAnalysisRunner will not be running.
RoslynAnalysisRunner has terminated.
Mono: successfully reloaded assembly
- Completed reload, in  1.129 seconds
Platform modules already initialized, skipping
Refreshing native plugins compatible for Editor in 3.30 ms, found 0 plugins.
Preloading 0 native plugins for Editor in 0.00 ms.
Unloading 1397 Unused Serialized files (Serialized files now loaded: 0)
System memory in use before: 70.6 MB.
System memory in use after: 70.7 MB.

Unloading 4 unused Assets to reduce memory usage. Loaded Objects now: 1925.
Total: 1.957200 ms (FindLiveObjects: 0.174700 ms CreateObjectMapping: 0.057300 ms MarkObjects: 1.703400 ms  DeleteObjects: 0.020000 ms)

========================================================================
Received Prepare
Registering precompiled user dll's ...
Registered in 0.000789 seconds.
Begin MonoManager ReloadAssembly
Native extension for WindowsStandalone target not found
Refreshing native plugins compatible for Editor in 0.29 ms, found 0 plugins.
Preloading 0 native plugins for Editor in 0.00 ms.
Invoked RoslynAnalysisRunner static constructor.
RoslynAnalysisRunner will not be running.
RoslynAnalysisRunner has terminated.
Mono: successfully reloaded assembly
- Completed reload, in  1.842 seconds
Platform modules already initialized, skipping
Refreshing native plugins compatible for Editor in 0.36 ms, found 0 plugins.
Preloading 0 native plugins for Editor in 0.00 ms.
Unloading 1397 Unused Serialized files (Serialized files now loaded: 0)
System memory in use before: 70.6 MB.
System memory in use after: 70.7 MB.

Unloading 4 unused Assets to reduce memory usage. Loaded Objects now: 1927.
Total: 5.746700 ms (FindLiveObjects: 0.524500 ms CreateObjectMapping: 0.076000 ms MarkObjects: 5.128000 ms  DeleteObjects: 0.016600 ms)

========================================================================
Received Import Request.
  Time since last request: 738.774827 seconds.
  path: ProjectSettings/TagManager.asset
  artifactKey: Guid(00000000000000003000000000000000) Importer(815301076,1909f56bfc062723c751e8b465ee728b)
Start importing ProjectSettings/TagManager.asset using Guid(00000000000000003000000000000000) Importer(815301076,1909f56bfc062723c751e8b465ee728b)  -> (artifact id: '135b5813783864719e8674deb51bac1c') in 0.023970 seconds
  Import took 0.028710 seconds .

========================================================================
Received Import Request.
  Time since last request: 0.003448 seconds.
  path: ProjectSettings/TagManager.asset
  artifactKey: Guid(00000000000000003000000000000000) Importer(815301076,1909f56bfc062723c751e8b465ee728b)
Start importing ProjectSettings/TagManager.asset using Guid(00000000000000003000000000000000) Importer(815301076,1909f56bfc062723c751e8b465ee728b)  -> (artifact id: '135b5813783864719e8674deb51bac1c') in 0.004411 seconds
  Import took 0.008027 seconds .

========================================================================
Received Import Request.
  Time since last request: 173.352494 seconds.
  path: Assets/Prefabs/PickUp.prefab
  artifactKey: Guid(59c6502af6d75634381aa41ccdfc0a93) Importer(815301076,1909f56bfc062723c751e8b465ee728b)
Start importing Assets/Prefabs/PickUp.prefab using Guid(59c6502af6d75634381aa41ccdfc0a93) Importer(815301076,1909f56bfc062723c751e8b465ee728b)  -> (artifact id: '2752e824e7929fae68272bce87a156f3') in 0.097910 seconds
  Import took 0.101843 seconds .

========================================================================
Received Prepare
Registering precompiled user dll's ...
Registered in 0.001910 seconds.
Begin MonoManager ReloadAssembly
Native extension for WindowsStandalone target not found
Refreshing native plugins compatible for Editor in 0.64 ms, found 0 plugins.
Preloading 0 native plugins for Editor in 0.00 ms.
Invoked RoslynAnalysisRunner static constructor.
RoslynAnalysisRunner will not be running.
RoslynAnalysisRunner has terminated.
Mono: successfully reloaded assembly
- Completed reload, in  1.072 seconds
Platform modules already initialized, skipping
Refreshing native plugins compatible for Editor in 0.28 ms, found 0 plugins.
Preloading 0 native plugins for Editor in 0.00 ms.
Unloading 1397 Unused Serialized files (Serialized files now loaded: 0)
System memory in use before: 70.6 MB.
System memory in use after: 70.8 MB.

Unloading 6 unused Assets to reduce memory usage. Loaded Objects now: 1930.
Total: 2.871200 ms (FindLiveObjects: 0.197700 ms CreateObjectMapping: 0.055500 ms MarkObjects: 2.555200 ms  DeleteObjects: 0.060100 ms)

========================================================================
Received Import Request.
  Time since last request: 11.126581 seconds.
  path: Assets/Prefabs/PickUp.prefab
  artifactKey: Guid(59c6502af6d75634381aa41ccdfc0a93) Importer(815301076,1909f56bfc062723c751e8b465ee728b)
Start importing Assets/Prefabs/PickUp.prefab using Guid(59c6502af6d75634381aa41ccdfc0a93) Importer(815301076,1909f56bfc062723c751e8b465ee728b)  -> (artifact id: '9c69e0a8be920ffd7d90a7982443fa93') in 0.176898 seconds
  Import took 0.179765 seconds .

========================================================================
Received Prepare
Registering precompiled user dll's ...
Registered in 0.000788 seconds.
Begin MonoManager ReloadAssembly
Native extension for WindowsStandalone target not found
Refreshing native plugins compatible for Editor in 0.27 ms, found 0 plugins.
Preloading 0 native plugins for Editor in 0.00 ms.
Invoked RoslynAnalysisRunner static constructor.
RoslynAnalysisRunner will not be running.
RoslynAnalysisRunner has terminated.
Mono: successfully reloaded assembly
- Completed reload, in  0.831 seconds
Platform modules already initialized, skipping
Refreshing native plugins compatible for Editor in 0.27 ms, found 0 plugins.
Preloading 0 native plugins for Editor in 0.00 ms.
Unloading 1397 Unused Serialized files (Serialized files now loaded: 0)
System memory in use before: 70.6 MB.
System memory in use after: 70.7 MB.

Unloading 4 unused Assets to reduce memory usage. Loaded Objects now: 1933.
Total: 2.048300 ms (FindLiveObjects: 0.211500 ms CreateObjectMapping: 0.080200 ms MarkObjects: 1.736800 ms  DeleteObjects: 0.018600 ms)

========================================================================
Received Prepare
Registering precompiled user dll's ...
Registered in 0.000902 seconds.
Begin MonoManager ReloadAssembly
Native extension for WindowsStandalone target not found
Refreshing native plugins compatible for Editor in 0.32 ms, found 0 plugins.
Preloading 0 native plugins for Editor in 0.00 ms.
Invoked RoslynAnalysisRunner static constructor.
RoslynAnalysisRunner will not be running.
RoslynAnalysisRunner has terminated.
Mono: successfully reloaded assembly
- Completed reload, in  1.264 seconds
Platform modules already initialized, skipping
Refreshing native plugins compatible for Editor in 0.31 ms, found 0 plugins.
Preloading 0 native plugins for Editor in 0.00 ms.
Unloading 1397 Unused Serialized files (Serialized files now loaded: 0)
System memory in use before: 70.6 MB.
System memory in use after: 70.8 MB.

Unloading 4 unused Assets to reduce memory usage. Loaded Objects now: 1935.
Total: 2.438800 ms (FindLiveObjects: 0.167800 ms CreateObjectMapping: 0.055300 ms MarkObjects: 2.197100 ms  DeleteObjects: 0.017200 ms)

========================================================================
Received Import Request.
  Time since last request: 260.406888 seconds.
  path: ProjectSettings/TagManager.asset
  artifactKey: Guid(00000000000000003000000000000000) Importer(815301076,1909f56bfc062723c751e8b465ee728b)
Start importing ProjectSettings/TagManager.asset using Guid(00000000000000003000000000000000) Importer(815301076,1909f56bfc062723c751e8b465ee728b)  -> (artifact id: 'bff2639625df3c7dc01623097662ec9a') in 0.016604 seconds
  Import took 0.019718 seconds .

========================================================================
Received Import Request.
  Time since last request: 126.805693 seconds.
  path: Assets/Prefabs/PickUp.prefab
  artifactKey: Guid(59c6502af6d75634381aa41ccdfc0a93) Importer(815301076,1909f56bfc062723c751e8b465ee728b)
Start importing Assets/Prefabs/PickUp.prefab using Guid(59c6502af6d75634381aa41ccdfc0a93) Importer(815301076,1909f56bfc062723c751e8b465ee728b)  -> (artifact id: 'fb93835f44c2fb0043609c198a16da9c') in 0.079755 seconds
  Import took 0.083530 seconds .

========================================================================
Received Import Request.
  Time since last request: 50.351688 seconds.
  path: Assets/Prefabs/PickUp.prefab
  artifactKey: Guid(59c6502af6d75634381aa41ccdfc0a93) Importer(815301076,1909f56bfc062723c751e8b465ee728b)
Start importing Assets/Prefabs/PickUp.prefab using Guid(59c6502af6d75634381aa41ccdfc0a93) Importer(815301076,1909f56bfc062723c751e8b465ee728b)  -> (artifact id: 'fc49507516512aef29bdf8b4af673fe4') in 0.007893 seconds
  Import took 0.013125 seconds .

========================================================================
Received Import Request.
  Time since last request: 7.648258 seconds.
  path: Assets/Prefabs/PickUp.prefab
  artifactKey: Guid(59c6502af6d75634381aa41ccdfc0a93) Importer(815301076,1909f56bfc062723c751e8b465ee728b)
Start importing Assets/Prefabs/PickUp.prefab using Guid(59c6502af6d75634381aa41ccdfc0a93) Importer(815301076,1909f56bfc062723c751e8b465ee728b)  -> (artifact id: '312659a4ec2900c0c49c8aa046c2de51') in 0.008254 seconds
  Import took 0.011743 seconds .

========================================================================
Received Import Request.
  Time since last request: 9.869075 seconds.
  path: Assets/Prefabs/PickUp.prefab
  artifactKey: Guid(59c6502af6d75634381aa41ccdfc0a93) Importer(815301076,1909f56bfc062723c751e8b465ee728b)
Start importing Assets/Prefabs/PickUp.prefab using Guid(59c6502af6d75634381aa41ccdfc0a93) Importer(815301076,1909f56bfc062723c751e8b465ee728b)  -> (artifact id: 'c945cd39f722cc9c36cf4c96f55eed5b') in 0.008846 seconds
  Import took 0.015861 seconds .

========================================================================
Received Import Request.
  Time since last request: 1.804592 seconds.
  path: Assets/Prefabs/PickUp.prefab
  artifactKey: Guid(59c6502af6d75634381aa41ccdfc0a93) Importer(815301076,1909f56bfc062723c751e8b465ee728b)
Start importing Assets/Prefabs/PickUp.prefab using Guid(59c6502af6d75634381aa41ccdfc0a93) Importer(815301076,1909f56bfc062723c751e8b465ee728b)  -> (artifact id: '877ec6f968a8f9801932907934944925') in 0.010703 seconds
  Import took 0.016613 seconds .

========================================================================
Received Import Request.
  Time since last request: 3.424315 seconds.
  path: Assets/Prefabs/PickUp.prefab
  artifactKey: Guid(59c6502af6d75634381aa41ccdfc0a93) Importer(815301076,1909f56bfc062723c751e8b465ee728b)
Start importing Assets/Prefabs/PickUp.prefab using Guid(59c6502af6d75634381aa41ccdfc0a93) Importer(815301076,1909f56bfc062723c751e8b465ee728b)  -> (artifact id: '8ba130183da47e6abfcf496ebfd32b2e') in 0.013189 seconds
  Import took 0.016754 seconds .

========================================================================
Received Import Request.
  Time since last request: 6.231508 seconds.
  path: Assets/Prefabs/PickUp.prefab
  artifactKey: Guid(59c6502af6d75634381aa41ccdfc0a93) Importer(815301076,1909f56bfc062723c751e8b465ee728b)
Start importing Assets/Prefabs/PickUp.prefab using Guid(59c6502af6d75634381aa41ccdfc0a93) Importer(815301076,1909f56bfc062723c751e8b465ee728b)  -> (artifact id: '6641a5db1ad3b1e7dcbbb7961fe747a7') in 0.008591 seconds
  Import took 0.012132 seconds .

========================================================================
Received Import Request.
  Time since last request: 3.625834 seconds.
  path: Assets/Prefabs/PickUp.prefab
  artifactKey: Guid(59c6502af6d75634381aa41ccdfc0a93) Importer(815301076,1909f56bfc062723c751e8b465ee728b)
Start importing Assets/Prefabs/PickUp.prefab using Guid(59c6502af6d75634381aa41ccdfc0a93) Importer(815301076,1909f56bfc062723c751e8b465ee728b)  -> (artifact id: '70f065af02435fd3da5e2a6b4487c5db') in 0.077357 seconds
  Import took 0.081652 seconds .

========================================================================
Received Import Request.
  Time since last request: 0.937604 seconds.
  path: Assets/Prefabs/PickUp.prefab
  artifactKey: Guid(59c6502af6d75634381aa41ccdfc0a93) Importer(815301076,1909f56bfc062723c751e8b465ee728b)
Start importing Assets/Prefabs/PickUp.prefab using Guid(59c6502af6d75634381aa41ccdfc0a93) Importer(815301076,1909f56bfc062723c751e8b465ee728b)  -> (artifact id: '0ce6e2a7e062a6883ef53c5325604b6d') in 0.009617 seconds
  Import took 0.014820 seconds .

========================================================================
Received Prepare
Registering precompiled user dll's ...
Registered in 0.000935 seconds.
Begin MonoManager ReloadAssembly
Native extension for WindowsStandalone target not found
Refreshing native plugins compatible for Editor in 0.29 ms, found 0 plugins.
Preloading 0 native plugins for Editor in 0.00 ms.
Invoked RoslynAnalysisRunner static constructor.
RoslynAnalysisRunner will not be running.
RoslynAnalysisRunner has terminated.
Mono: successfully reloaded assembly
- Completed reload, in  0.918 seconds
Platform modules already initialized, skipping
Refreshing native plugins compatible for Editor in 0.33 ms, found 0 plugins.
Preloading 0 native plugins for Editor in 0.00 ms.
Unloading 1397 Unused Serialized files (Serialized files now loaded: 0)
System memory in use before: 70.7 MB.
System memory in use after: 70.8 MB.

Unloading 5 unused Assets to reduce memory usage. Loaded Objects now: 1938.
Total: 3.501800 ms (FindLiveObjects: 0.187700 ms CreateObjectMapping: 0.056400 ms MarkObjects: 3.226900 ms  DeleteObjects: 0.029200 ms)

========================================================================
Received Import Request.
  Time since last request: 121.121560 seconds.
  path: Assets/Prefabs/PickUp.prefab
  artifactKey: Guid(59c6502af6d75634381aa41ccdfc0a93) Importer(815301076,1909f56bfc062723c751e8b465ee728b)
Start importing Assets/Prefabs/PickUp.prefab using Guid(59c6502af6d75634381aa41ccdfc0a93) Importer(815301076,1909f56bfc062723c751e8b465ee728b)  -> (artifact id: 'cd71bd4493b63ed8ba695796655d168e') in 0.080750 seconds
  Import took 0.083793 seconds .

========================================================================
Received Prepare
Registering precompiled user dll's ...
Registered in 0.000846 seconds.
Begin MonoManager ReloadAssembly
Native extension for WindowsStandalone target not found
Refreshing native plugins compatible for Editor in 0.28 ms, found 0 plugins.
Preloading 0 native plugins for Editor in 0.00 ms.
Invoked RoslynAnalysisRunner static constructor.
RoslynAnalysisRunner will not be running.
RoslynAnalysisRunner has terminated.
Mono: successfully reloaded assembly
- Completed reload, in  0.909 seconds
Platform modules already initialized, skipping
Refreshing native plugins compatible for Editor in 0.26 ms, found 0 plugins.
Preloading 0 native plugins for Editor in 0.00 ms.
Unloading 1397 Unused Serialized files (Serialized files now loaded: 0)
System memory in use before: 70.7 MB.
System memory in use after: 70.8 MB.

Unloading 4 unused Assets to reduce memory usage. Loaded Objects now: 1941.
Total: 2.297900 ms (FindLiveObjects: 0.176200 ms CreateObjectMapping: 0.052900 ms MarkObjects: 2.039100 ms  DeleteObjects: 0.028800 ms)

========================================================================
Received Import Request.
  Time since last request: 12.160423 seconds.
  path: Assets/Prefabs/PickUp.prefab
  artifactKey: Guid(59c6502af6d75634381aa41ccdfc0a93) Importer(815301076,1909f56bfc062723c751e8b465ee728b)
Start importing Assets/Prefabs/PickUp.prefab using Guid(59c6502af6d75634381aa41ccdfc0a93) Importer(815301076,1909f56bfc062723c751e8b465ee728b)  -> (artifact id: '9a2f6c50f65fc67ca374dd6f690bdf19') in 0.118065 seconds
  Import took 0.120854 seconds .

========================================================================
Received Import Request.
  Time since last request: 12.128837 seconds.
  path: Assets/Prefabs/PickUp.prefab
  artifactKey: Guid(59c6502af6d75634381aa41ccdfc0a93) Importer(815301076,1909f56bfc062723c751e8b465ee728b)
Start importing Assets/Prefabs/PickUp.prefab using Guid(59c6502af6d75634381aa41ccdfc0a93) Importer(815301076,1909f56bfc062723c751e8b465ee728b)  -> (artifact id: 'b0e6913355e83b42d8d5b1ef895b17f7') in 0.007851 seconds
  Import took 0.012722 seconds .

========================================================================
Received Import Request.
  Time since last request: 1.402452 seconds.
  path: Assets/Prefabs/PickUp.prefab
  artifactKey: Guid(59c6502af6d75634381aa41ccdfc0a93) Importer(815301076,1909f56bfc062723c751e8b465ee728b)
Start importing Assets/Prefabs/PickUp.prefab using Guid(59c6502af6d75634381aa41ccdfc0a93) Importer(815301076,1909f56bfc062723c751e8b465ee728b)  -> (artifact id: '0e40488cd84a9a64e2b008d90d066b2a') in 0.008767 seconds
  Import took 0.016254 seconds .

========================================================================
Received Prepare
Registering precompiled user dll's ...
Registered in 0.000768 seconds.
Begin MonoManager ReloadAssembly
Native extension for WindowsStandalone target not found
Refreshing native plugins compatible for Editor in 0.31 ms, found 0 plugins.
Preloading 0 native plugins for Editor in 0.00 ms.
Invoked RoslynAnalysisRunner static constructor.
RoslynAnalysisRunner will not be running.
RoslynAnalysisRunner has terminated.
Mono: successfully reloaded assembly
- Completed reload, in  0.856 seconds
Platform modules already initialized, skipping
Refreshing native plugins compatible for Editor in 0.33 ms, found 0 plugins.
Preloading 0 native plugins for Editor in 0.00 ms.
Unloading 1397 Unused Serialized files (Serialized files now loaded: 0)
System memory in use before: 70.7 MB.
System memory in use after: 70.8 MB.

Unloading 4 unused Assets to reduce memory usage. Loaded Objects now: 1944.
Total: 2.082900 ms (FindLiveObjects: 0.181200 ms CreateObjectMapping: 0.064100 ms MarkObjects: 1.817300 ms  DeleteObjects: 0.019000 ms)

========================================================================
Received Import Request.
  Time since last request: 62.905918 seconds.
  path: Assets/Scenes
  artifactKey: Guid(f72f3f8317e937348b8488ffe04d0852) Importer(815301076,1909f56bfc062723c751e8b465ee728b)
Start importing Assets/Scenes using Guid(f72f3f8317e937348b8488ffe04d0852) Importer(815301076,1909f56bfc062723c751e8b465ee728b)  -> (artifact id: 'c1b52f7d8f6bdc29b1dcc040dfa09fa9') in 0.005674 seconds
  Import took 0.010566 seconds .

========================================================================
Received Prepare
Registering precompiled user dll's ...
Registered in 0.000816 seconds.
Begin MonoManager ReloadAssembly
Native extension for WindowsStandalone target not found
Refreshing native plugins compatible for Editor in 0.27 ms, found 0 plugins.
Preloading 0 native plugins for Editor in 0.00 ms.
Invoked RoslynAnalysisRunner static constructor.
RoslynAnalysisRunner will not be running.
RoslynAnalysisRunner has terminated.
Mono: successfully reloaded assembly
- Completed reload, in  0.968 seconds
Platform modules already initialized, skipping
Refreshing native plugins compatible for Editor in 0.27 ms, found 0 plugins.
Preloading 0 native plugins for Editor in 0.00 ms.
Unloading 1397 Unused Serialized files (Serialized files now loaded: 0)
System memory in use before: 70.7 MB.
System memory in use after: 70.8 MB.

Unloading 4 unused Assets to reduce memory usage. Loaded Objects now: 1946.
Total: 1.852900 ms (FindLiveObjects: 0.221700 ms CreateObjectMapping: 0.054100 ms MarkObjects: 1.560200 ms  DeleteObjects: 0.015300 ms)

========================================================================
Received Prepare
Registering precompiled user dll's ...
Registered in 0.000822 seconds.
Begin MonoManager ReloadAssembly
Native extension for WindowsStandalone target not found
Refreshing native plugins compatible for Editor in 0.71 ms, found 0 plugins.
Preloading 0 native plugins for Editor in 0.00 ms.
Invoked RoslynAnalysisRunner static constructor.
RoslynAnalysisRunner will not be running.
RoslynAnalysisRunner has terminated.
Mono: successfully reloaded assembly
- Completed reload, in  1.355 seconds
Platform modules already initialized, skipping
Refreshing native plugins compatible for Editor in 0.31 ms, found 0 plugins.
Preloading 0 native plugins for Editor in 0.00 ms.
Unloading 1397 Unused Serialized files (Serialized files now loaded: 0)
System memory in use before: 70.7 MB.
System memory in use after: 70.8 MB.

Unloading 4 unused Assets to reduce memory usage. Loaded Objects now: 1948.
Total: 2.197600 ms (FindLiveObjects: 0.179200 ms CreateObjectMapping: 0.057600 ms MarkObjects: 1.941700 ms  DeleteObjects: 0.017200 ms)

========================================================================
Received Prepare
Registering precompiled user dll's ...
Registered in 0.000715 seconds.
Begin MonoManager ReloadAssembly
Native extension for WindowsStandalone target not found
Refreshing native plugins compatible for Editor in 0.27 ms, found 0 plugins.
Preloading 0 native plugins for Editor in 0.00 ms.
Invoked RoslynAnalysisRunner static constructor.
RoslynAnalysisRunner will not be running.
RoslynAnalysisRunner has terminated.
Mono: successfully reloaded assembly
- Completed reload, in  1.138 seconds
Platform modules already initialized, skipping
Refreshing native plugins compatible for Editor in 0.28 ms, found 0 plugins.
Preloading 0 native plugins for Editor in 0.00 ms.
Unloading 1410 Unused Serialized files (Serialized files now loaded: 0)
System memory in use before: 72.5 MB.
System memory in use after: 72.0 MB.

Unloading 17 unused Assets to reduce memory usage. Loaded Objects now: 1950.
Total: 2.461900 ms (FindLiveObjects: 0.175300 ms CreateObjectMapping: 0.055400 ms MarkObjects: 1.865800 ms  DeleteObjects: 0.363900 ms)

========================================================================
Received Prepare
Registering precompiled user dll's ...
Registered in 0.000889 seconds.
Begin MonoManager ReloadAssembly
Native extension for WindowsStandalone target not found
Refreshing native plugins compatible for Editor in 0.28 ms, found 0 plugins.
Preloading 0 native plugins for Editor in 0.00 ms.
Invoked RoslynAnalysisRunner static constructor.
RoslynAnalysisRunner will not be running.
RoslynAnalysisRunner has terminated.
Mono: successfully reloaded assembly
- Completed reload, in  0.973 seconds
Platform modules already initialized, skipping
Refreshing native plugins compatible for Editor in 0.28 ms, found 0 plugins.
Preloading 0 native plugins for Editor in 0.00 ms.
Unloading 1410 Unused Serialized files (Serialized files now loaded: 0)
System memory in use before: 72.4 MB.
System memory in use after: 72.0 MB.

Unloading 17 unused Assets to reduce memory usage. Loaded Objects now: 1952.
Total: 2.840200 ms (FindLiveObjects: 0.205800 ms CreateObjectMapping: 0.059800 ms MarkObjects: 2.203600 ms  DeleteObjects: 0.369200 ms)

========================================================================
Received Prepare
Registering precompiled user dll's ...
Registered in 0.000873 seconds.
Begin MonoManager ReloadAssembly
Native extension for WindowsStandalone target not found
Refreshing native plugins compatible for Editor in 0.30 ms, found 0 plugins.
Preloading 0 native plugins for Editor in 0.00 ms.
Invoked RoslynAnalysisRunner static constructor.
RoslynAnalysisRunner will not be running.
RoslynAnalysisRunner has terminated.
Mono: successfully reloaded assembly
- Completed reload, in  0.889 seconds
Platform modules already initialized, skipping
Refreshing native plugins compatible for Editor in 0.27 ms, found 0 plugins.
Preloading 0 native plugins for Editor in 0.00 ms.
Unloading 1410 Unused Serialized files (Serialized files now loaded: 0)
System memory in use before: 72.5 MB.
System memory in use after: 72.0 MB.

Unloading 17 unused Assets to reduce memory usage. Loaded Objects now: 1954.
Total: 2.478700 ms (FindLiveObjects: 0.179600 ms CreateObjectMapping: 0.057800 ms MarkObjects: 1.852500 ms  DeleteObjects: 0.387300 ms)

========================================================================
Received Import Request.
  Time since last request: 595.215531 seconds.
  path: Assets/Scenes/RollABall.unity
  artifactKey: Guid(afc43eb3c673189448ac485dd2ce618e) Importer(815301076,1909f56bfc062723c751e8b465ee728b)
Start importing Assets/Scenes/RollABall.unity using Guid(afc43eb3c673189448ac485dd2ce618e) Importer(815301076,1909f56bfc062723c751e8b465ee728b)  -> (artifact id: '7dd2ef52ad22969ad6617c1e32dd53ba') in 0.015790 seconds
  Import took 0.018753 seconds .

========================================================================
Received Import Request.
  Time since last request: 1.650813 seconds.
  path: Assets/Scenes/SampleScene.unity
  artifactKey: Guid(9fc0d4010bbf28b4594072e72b8655ab) Importer(815301076,1909f56bfc062723c751e8b465ee728b)
Start importing Assets/Scenes/SampleScene.unity using Guid(9fc0d4010bbf28b4594072e72b8655ab) Importer(815301076,1909f56bfc062723c751e8b465ee728b)  -> (artifact id: '584b03e78529eb4367a9dffe4a431d4e') in 0.004017 seconds
  Import took 0.007101 seconds .

========================================================================
Received Prepare
Registering precompiled user dll's ...
Registered in 0.000715 seconds.
Begin MonoManager ReloadAssembly
Native extension for WindowsStandalone target not found
Refreshing native plugins compatible for Editor in 0.31 ms, found 0 plugins.
Preloading 0 native plugins for Editor in 0.00 ms.
Invoked RoslynAnalysisRunner static constructor.
RoslynAnalysisRunner will not be running.
RoslynAnalysisRunner has terminated.
Mono: successfully reloaded assembly
- Completed reload, in  0.855 seconds
Platform modules already initialized, skipping
Refreshing native plugins compatible for Editor in 0.29 ms, found 0 plugins.
Preloading 0 native plugins for Editor in 0.00 ms.
Unloading 1410 Unused Serialized files (Serialized files now loaded: 0)
System memory in use before: 72.5 MB.
System memory in use after: 72.0 MB.

Unloading 17 unused Assets to reduce memory usage. Loaded Objects now: 1956.
Total: 2.510400 ms (FindLiveObjects: 0.184400 ms CreateObjectMapping: 0.056500 ms MarkObjects: 1.879900 ms  DeleteObjects: 0.387800 ms)

========================================================================
Received Prepare
Registering precompiled user dll's ...
Registered in 0.000816 seconds.
Begin MonoManager ReloadAssembly
Native extension for WindowsStandalone target not found
Refreshing native plugins compatible for Editor in 0.27 ms, found 0 plugins.
Preloading 0 native plugins for Editor in 0.00 ms.
Invoked RoslynAnalysisRunner static constructor.
RoslynAnalysisRunner will not be running.
RoslynAnalysisRunner has terminated.
Mono: successfully reloaded assembly
- Completed reload, in  0.862 seconds
Platform modules already initialized, skipping
Refreshing native plugins compatible for Editor in 0.27 ms, found 0 plugins.
Preloading 0 native plugins for Editor in 0.00 ms.
Unloading 1410 Unused Serialized files (Serialized files now loaded: 0)
System memory in use before: 72.5 MB.
System memory in use after: 72.0 MB.

Unloading 17 unused Assets to reduce memory usage. Loaded Objects now: 1958.
Total: 2.370100 ms (FindLiveObjects: 0.192600 ms CreateObjectMapping: 0.060600 ms MarkObjects: 1.739100 ms  DeleteObjects: 0.376700 ms)

========================================================================
Received Prepare
Registering precompiled user dll's ...
Registered in 0.000971 seconds.
Begin MonoManager ReloadAssembly
Native extension for WindowsStandalone target not found
Refreshing native plugins compatible for Editor in 0.29 ms, found 0 plugins.
Preloading 0 native plugins for Editor in 0.00 ms.
Invoked RoslynAnalysisRunner static constructor.
RoslynAnalysisRunner will not be running.
RoslynAnalysisRunner has terminated.
Mono: successfully reloaded assembly
- Completed reload, in  0.932 seconds
Platform modules already initialized, skipping
Refreshing native plugins compatible for Editor in 0.34 ms, found 0 plugins.
Preloading 0 native plugins for Editor in 0.00 ms.
Unloading 1410 Unused Serialized files (Serialized files now loaded: 0)
System memory in use before: 72.5 MB.
System memory in use after: 72.0 MB.

Unloading 17 unused Assets to reduce memory usage. Loaded Objects now: 1960.
Total: 2.770800 ms (FindLiveObjects: 0.241700 ms CreateObjectMapping: 0.117300 ms MarkObjects: 1.991300 ms  DeleteObjects: 0.418100 ms)

========================================================================
Received Prepare
Registering precompiled user dll's ...
Registered in 0.000863 seconds.
Begin MonoManager ReloadAssembly
Native extension for WindowsStandalone target not found
Refreshing native plugins compatible for Editor in 0.43 ms, found 0 plugins.
Preloading 0 native plugins for Editor in 0.00 ms.
Invoked RoslynAnalysisRunner static constructor.
RoslynAnalysisRunner will not be running.
RoslynAnalysisRunner has terminated.
Mono: successfully reloaded assembly
- Completed reload, in  1.518 seconds
Platform modules already initialized, skipping
Refreshing native plugins compatible for Editor in 0.29 ms, found 0 plugins.
Preloading 0 native plugins for Editor in 0.00 ms.
Unloading 1410 Unused Serialized files (Serialized files now loaded: 0)
System memory in use before: 72.5 MB.
System memory in use after: 72.0 MB.

Unloading 17 unused Assets to reduce memory usage. Loaded Objects now: 1962.
Total: 2.648400 ms (FindLiveObjects: 0.332000 ms CreateObjectMapping: 0.064800 ms MarkObjects: 1.874600 ms  DeleteObjects: 0.368800 ms)

========================================================================
Received Prepare
Refreshing native plugins compatible for Editor in 1.43 ms, found 0 plugins.
Preloading 0 native plugins for Editor in 0.00 ms.
Unloading 15 Unused Serialized files (Serialized files now loaded: 0)
System memory in use before: 44.9 MB.
System memory in use after: 44.4 MB.

Unloading 15 unused Assets to reduce memory usage. Loaded Objects now: 1962.
Total: 3.103700 ms (FindLiveObjects: 0.226100 ms CreateObjectMapping: 0.073400 ms MarkObjects: 2.420100 ms  DeleteObjects: 0.382100 ms)

========================================================================
Received Prepare
Registering precompiled user dll's ...
Registered in 0.000732 seconds.
Begin MonoManager ReloadAssembly
Native extension for WindowsStandalone target not found
Refreshing native plugins compatible for Editor in 0.28 ms, found 0 plugins.
Preloading 0 native plugins for Editor in 0.00 ms.
Invoked RoslynAnalysisRunner static constructor.
RoslynAnalysisRunner will not be running.
RoslynAnalysisRunner has terminated.
Mono: successfully reloaded assembly
- Completed reload, in  1.222 seconds
Platform modules already initialized, skipping
Refreshing native plugins compatible for Editor in 0.35 ms, found 0 plugins.
Preloading 0 native plugins for Editor in 0.00 ms.
Unloading 1410 Unused Serialized files (Serialized files now loaded: 0)
System memory in use before: 72.5 MB.
System memory in use after: 72.0 MB.

Unloading 17 unused Assets to reduce memory usage. Loaded Objects now: 1964.
Total: 2.662200 ms (FindLiveObjects: 0.330000 ms CreateObjectMapping: 0.203700 ms MarkObjects: 1.771100 ms  DeleteObjects: 0.355600 ms)

========================================================================
Received Prepare
Refreshing native plugins compatible for Editor in 0.83 ms, found 0 plugins.
Preloading 0 native plugins for Editor in 0.00 ms.
Unloading 15 Unused Serialized files (Serialized files now loaded: 0)
System memory in use before: 44.9 MB.
System memory in use after: 44.4 MB.

Unloading 15 unused Assets to reduce memory usage. Loaded Objects now: 1964.
Total: 3.438500 ms (FindLiveObjects: 0.604700 ms CreateObjectMapping: 0.076300 ms MarkObjects: 2.347200 ms  DeleteObjects: 0.408100 ms)

========================================================================
Received Prepare
Refreshing native plugins compatible for Editor in 0.86 ms, found 0 plugins.
Preloading 0 native plugins for Editor in 0.00 ms.
Unloading 15 Unused Serialized files (Serialized files now loaded: 0)
System memory in use before: 45.0 MB.
System memory in use after: 44.5 MB.

Unloading 15 unused Assets to reduce memory usage. Loaded Objects now: 1964.
Total: 2.762900 ms (FindLiveObjects: 0.333000 ms CreateObjectMapping: 0.137800 ms MarkObjects: 1.905800 ms  DeleteObjects: 0.384200 ms)

AssetImportWorkerClient::OnTransportError - code=2 error=End of file
